# JRE version: OpenJDK Runtime Environment Temurin-21.0.7+6 (21.0.7+6) (build 21.0.7+6-LTS)
# Java VM: OpenJDK 64-Bit Server VM Temurin-21.0.7+6 (21.0.7+6-LTS, mixed mode, sharing, tiered, compressed oops, compressed class ptrs, g1 gc, windows-amd64)
GC Precious Log:
 CardTable entry size: 512
 Card Set container configuration: InlinePtr #cards 4 size 8 Array Of Cards #cards 32 size 80 Howl #buckets 8 coarsen threshold 7372 Howl Bitmap #cards 1024 size 144 coarsen threshold 921 Card regions per heap region 1 cards per card region 8192
 CPUs: 12 total, 12 available
 Memory: 15720M
 Large Page Support: Disabled
 NUMA Support: Disabled
 Compressed Oops: Enabled (Zero based)
 Heap Region Size: 4M
 Heap Min Capacity: 8M
 Heap Initial Capacity: 248M
 Heap Max Capacity: 8G
 Pre-touch: Disabled
 Parallel Workers: 10
 Concurrent Workers: 3
 Concurrent Refinement Workers: 10
 Periodic GC: Disabled
Heap:
 garbage-first heap   total 1085440K, used 476359K [0x0000000600000000, 0x0000000800000000)
  region size 4096K, 62 young (253952K), 11 survivors (45056K)
 Metaspace       used 169413K, committed 172352K, reserved 1245184K
  class space    used 21308K, committed 22784K, reserved 1048576K
GC Heap History (20 events):
Event: 137.561 GC heap before
{Heap before GC invocations=107 (full 0):
 garbage-first heap   total 544768K, used 490613K [0x0000000600000000, 0x0000000800000000)
  region size 4096K, 68 young (278528K), 4 survivors (16384K)
 Metaspace       used 162742K, committed 165440K, reserved 1245184K
  class space    used 20545K, committed 21888K, reserved 1048576K
}
Event: 137.569 GC heap after
{Heap after GC invocations=108 (full 0):
 garbage-first heap   total 544768K, used 228827K [0x0000000600000000, 0x0000000800000000)
  region size 4096K, 4 young (16384K), 4 survivors (16384K)
 Metaspace       used 162742K, committed 165440K, reserved 1245184K
  class space    used 20545K, committed 21888K, reserved 1048576K
}
Event: 138.041 GC heap before
{Heap before GC invocations=108 (full 0):
 garbage-first heap   total 544768K, used 486875K [0x0000000600000000, 0x0000000800000000)
  region size 4096K, 68 young (278528K), 4 survivors (16384K)
 Metaspace       used 162775K, committed 165504K, reserved 1245184K
  class space    used 20546K, committed 21888K, reserved 1048576K
}
Event: 138.054 GC heap after
{Heap after GC invocations=109 (full 0):
 garbage-first heap   total 544768K, used 233409K [0x0000000600000000, 0x0000000800000000)
  region size 4096K, 6 young (24576K), 6 survivors (24576K)
 Metaspace       used 162775K, committed 165504K, reserved 1245184K
  class space    used 20546K, committed 21888K, reserved 1048576K
}
Event: 138.390 GC heap before
{Heap before GC invocations=109 (full 0):
 garbage-first heap   total 544768K, used 479169K [0x0000000600000000, 0x0000000800000000)
  region size 4096K, 67 young (274432K), 6 survivors (24576K)
 Metaspace       used 162780K, committed 165504K, reserved 1245184K
  class space    used 20546K, committed 21888K, reserved 1048576K
}
Event: 138.402 GC heap after
{Heap after GC invocations=110 (full 0):
 garbage-first heap   total 544768K, used 239227K [0x0000000600000000, 0x0000000800000000)
  region size 4096K, 7 young (28672K), 7 survivors (28672K)
 Metaspace       used 162780K, committed 165504K, reserved 1245184K
  class space    used 20546K, committed 21888K, reserved 1048576K
}
Event: 138.755 GC heap before
{Heap before GC invocations=111 (full 0):
 garbage-first heap   total 544768K, used 476795K [0x0000000600000000, 0x0000000800000000)
  region size 4096K, 65 young (266240K), 7 survivors (28672K)
 Metaspace       used 162780K, committed 165504K, reserved 1245184K
  class space    used 20546K, committed 21888K, reserved 1048576K
}
Event: 138.768 GC heap after
{Heap after GC invocations=112 (full 0):
 garbage-first heap   total 544768K, used 240792K [0x0000000600000000, 0x0000000800000000)
  region size 4096K, 5 young (20480K), 5 survivors (20480K)
 Metaspace       used 162780K, committed 165504K, reserved 1245184K
  class space    used 20546K, committed 21888K, reserved 1048576K
}
Event: 138.961 GC heap before
{Heap before GC invocations=112 (full 0):
 garbage-first heap   total 544768K, used 486552K [0x0000000600000000, 0x0000000800000000)
  region size 4096K, 66 young (270336K), 5 survivors (20480K)
 Metaspace       used 162784K, committed 165568K, reserved 1245184K
  class space    used 20546K, committed 21888K, reserved 1048576K
}
Event: 139.042 GC heap after
{Heap after GC invocations=113 (full 0):
 garbage-first heap   total 1085440K, used 241082K [0x0000000600000000, 0x0000000800000000)
  region size 4096K, 6 young (24576K), 6 survivors (24576K)
 Metaspace       used 162784K, committed 165568K, reserved 1245184K
  class space    used 20546K, committed 21888K, reserved 1048576K
}
Event: 139.719 GC heap before
{Heap before GC invocations=113 (full 0):
 garbage-first heap   total 1085440K, used 867770K [0x0000000600000000, 0x0000000800000000)
  region size 4096K, 159 young (651264K), 6 survivors (24576K)
 Metaspace       used 162797K, committed 165568K, reserved 1245184K
  class space    used 20547K, committed 21888K, reserved 1048576K
}
Event: 139.730 GC heap after
{Heap after GC invocations=114 (full 0):
 garbage-first heap   total 1085440K, used 245922K [0x0000000600000000, 0x0000000800000000)
  region size 4096K, 7 young (28672K), 7 survivors (28672K)
 Metaspace       used 162797K, committed 165568K, reserved 1245184K
  class space    used 20547K, committed 21888K, reserved 1048576K
}
Event: 140.361 GC heap before
{Heap before GC invocations=114 (full 0):
 garbage-first heap   total 1085440K, used 868514K [0x0000000600000000, 0x0000000800000000)
  region size 4096K, 159 young (651264K), 7 survivors (28672K)
 Metaspace       used 162802K, committed 165568K, reserved 1245184K
  class space    used 20547K, committed 21888K, reserved 1048576K
}
Event: 140.369 GC heap after
{Heap after GC invocations=115 (full 0):
 garbage-first heap   total 1085440K, used 233986K [0x0000000600000000, 0x0000000800000000)
  region size 4096K, 4 young (16384K), 4 survivors (16384K)
 Metaspace       used 162802K, committed 165568K, reserved 1245184K
  class space    used 20547K, committed 21888K, reserved 1048576K
}
Event: 141.923 GC heap before
{Heap before GC invocations=115 (full 0):
 garbage-first heap   total 1085440K, used 868866K [0x0000000600000000, 0x0000000800000000)
  region size 4096K, 159 young (651264K), 4 survivors (16384K)
 Metaspace       used 162813K, committed 165568K, reserved 1245184K
  class space    used 20548K, committed 21888K, reserved 1048576K
}
Event: 141.933 GC heap after
{Heap after GC invocations=116 (full 0):
 garbage-first heap   total 1085440K, used 240942K [0x0000000600000000, 0x0000000800000000)
  region size 4096K, 6 young (24576K), 6 survivors (24576K)
 Metaspace       used 162813K, committed 165568K, reserved 1245184K
  class space    used 20548K, committed 21888K, reserved 1048576K
}
Event: 144.069 GC heap before
{Heap before GC invocations=116 (full 0):
 garbage-first heap   total 1085440K, used 867630K [0x0000000600000000, 0x0000000800000000)
  region size 4096K, 159 young (651264K), 6 survivors (24576K)
 Metaspace       used 162841K, committed 165568K, reserved 1245184K
  class space    used 20553K, committed 21888K, reserved 1048576K
}
Event: 144.082 GC heap after
{Heap after GC invocations=117 (full 0):
 garbage-first heap   total 1085440K, used 243235K [0x0000000600000000, 0x0000000800000000)
  region size 4096K, 8 young (32768K), 8 survivors (32768K)
 Metaspace       used 162841K, committed 165568K, reserved 1245184K
  class space    used 20553K, committed 21888K, reserved 1048576K
}
Event: 160.823 GC heap before
{Heap before GC invocations=117 (full 0):
 garbage-first heap   total 1085440K, used 882211K [0x0000000600000000, 0x0000000800000000)
  region size 4096K, 159 young (651264K), 8 survivors (32768K)
 Metaspace       used 168021K, committed 170944K, reserved 1245184K
  class space    used 21244K, committed 22720K, reserved 1048576K
}
Event: 160.844 GC heap after
{Heap after GC invocations=118 (full 0):
 garbage-first heap   total 1085440K, used 263367K [0x0000000600000000, 0x0000000800000000)
  region size 4096K, 11 young (45056K), 11 survivors (45056K)
 Metaspace       used 168021K, committed 170944K, reserved 1245184K
  class space    used 21244K, committed 22720K, reserved 1048576K
}

