# JRE version: OpenJDK Runtime Environment Temurin-21.0.7+6 (21.0.7+6) (build 21.0.7+6-LTS)
# Java VM: OpenJDK 64-Bit Server VM Temurin-21.0.7+6 (21.0.7+6-LTS, mixed mode, sharing, tiered, compressed oops, compressed class ptrs, g1 gc, windows-amd64)
GC Precious Log:
 CardTable entry size: 512
 Card Set container configuration: InlinePtr #cards 4 size 8 Array Of Cards #cards 32 size 80 Howl #buckets 8 coarsen threshold 7372 Howl Bitmap #cards 1024 size 144 coarsen threshold 921 Card regions per heap region 1 cards per card region 8192
 CPUs: 12 total, 12 available
 Memory: 15720M
 Large Page Support: Disabled
 NUMA Support: Disabled
 Compressed Oops: Enabled (Zero based)
 Heap Region Size: 4M
 Heap Min Capacity: 8M
 Heap Initial Capacity: 248M
 Heap Max Capacity: 8G
 Pre-touch: Disabled
 Parallel Workers: 10
 Concurrent Workers: 3
 Concurrent Refinement Workers: 10
 Periodic GC: Disabled
Heap:
 garbage-first heap   total 303104K, used 180267K [0x0000000600000000, 0x0000000800000000)
  region size 4096K, 19 young (77824K), 3 survivors (12288K)
 Metaspace       used 90282K, committed 92736K, reserved 1179648K
  class space    used 12459K, committed 13696K, reserved 1048576K
GC Heap History (20 events):
Event: 91.113 GC heap before
{Heap before GC invocations=42 (full 0):
 garbage-first heap   total 163840K, used 139998K [0x0000000600000000, 0x0000000800000000)
  region size 4096K, 13 young (53248K), 2 survivors (8192K)
 Metaspace       used 90072K, committed 92416K, reserved 1179648K
  class space    used 12458K, committed 13632K, reserved 1048576K
}
Event: 91.117 GC heap after
{Heap after GC invocations=43 (full 0):
 garbage-first heap   total 163840K, used 95948K [0x0000000600000000, 0x0000000800000000)
  region size 4096K, 2 young (8192K), 2 survivors (8192K)
 Metaspace       used 90072K, committed 92416K, reserved 1179648K
  class space    used 12458K, committed 13632K, reserved 1048576K
}
Event: 91.354 GC heap before
{Heap before GC invocations=43 (full 0):
 garbage-first heap   total 163840K, used 136908K [0x0000000600000000, 0x0000000800000000)
  region size 4096K, 13 young (53248K), 2 survivors (8192K)
 Metaspace       used 90076K, committed 92416K, reserved 1179648K
  class space    used 12458K, committed 13632K, reserved 1048576K
}
Event: 91.358 GC heap after
{Heap after GC invocations=44 (full 0):
 garbage-first heap   total 163840K, used 97035K [0x0000000600000000, 0x0000000800000000)
  region size 4096K, 1 young (4096K), 1 survivors (4096K)
 Metaspace       used 90076K, committed 92416K, reserved 1179648K
  class space    used 12458K, committed 13632K, reserved 1048576K
}
Event: 92.004 GC heap before
{Heap before GC invocations=45 (full 0):
 garbage-first heap   total 163840K, used 150283K [0x0000000600000000, 0x0000000800000000)
  region size 4096K, 14 young (57344K), 1 survivors (4096K)
 Metaspace       used 90107K, committed 92480K, reserved 1179648K
  class space    used 12458K, committed 13632K, reserved 1048576K
}
Event: 92.009 GC heap after
{Heap after GC invocations=46 (full 0):
 garbage-first heap   total 163840K, used 98898K [0x0000000600000000, 0x0000000800000000)
  region size 4096K, 2 young (8192K), 2 survivors (8192K)
 Metaspace       used 90107K, committed 92480K, reserved 1179648K
  class space    used 12458K, committed 13632K, reserved 1048576K
}
Event: 92.287 GC heap before
{Heap before GC invocations=46 (full 0):
 garbage-first heap   total 163840K, used 139858K [0x0000000600000000, 0x0000000800000000)
  region size 4096K, 13 young (53248K), 2 survivors (8192K)
 Metaspace       used 90126K, committed 92608K, reserved 1179648K
  class space    used 12459K, committed 13696K, reserved 1048576K
}
Event: 92.293 GC heap after
{Heap after GC invocations=47 (full 0):
 garbage-first heap   total 163840K, used 99835K [0x0000000600000000, 0x0000000800000000)
  region size 4096K, 2 young (8192K), 2 survivors (8192K)
 Metaspace       used 90126K, committed 92608K, reserved 1179648K
  class space    used 12459K, committed 13696K, reserved 1048576K
}
Event: 92.574 GC heap before
{Heap before GC invocations=47 (full 0):
 garbage-first heap   total 163840K, used 140795K [0x0000000600000000, 0x0000000800000000)
  region size 4096K, 13 young (53248K), 2 survivors (8192K)
 Metaspace       used 90132K, committed 92608K, reserved 1179648K
  class space    used 12459K, committed 13696K, reserved 1048576K
}
Event: 92.578 GC heap after
{Heap after GC invocations=48 (full 0):
 garbage-first heap   total 163840K, used 103794K [0x0000000600000000, 0x0000000800000000)
  region size 4096K, 2 young (8192K), 2 survivors (8192K)
 Metaspace       used 90132K, committed 92608K, reserved 1179648K
  class space    used 12459K, committed 13696K, reserved 1048576K
}
Event: 92.724 GC heap before
{Heap before GC invocations=49 (full 0):
 garbage-first heap   total 180224K, used 140658K [0x0000000600000000, 0x0000000800000000)
  region size 4096K, 12 young (49152K), 2 survivors (8192K)
 Metaspace       used 90134K, committed 92608K, reserved 1179648K
  class space    used 12459K, committed 13696K, reserved 1048576K
}
Event: 92.729 GC heap after
{Heap after GC invocations=50 (full 0):
 garbage-first heap   total 180224K, used 107458K [0x0000000600000000, 0x0000000800000000)
  region size 4096K, 1 young (4096K), 1 survivors (4096K)
 Metaspace       used 90134K, committed 92608K, reserved 1179648K
  class space    used 12459K, committed 13696K, reserved 1048576K
}
Event: 92.900 GC heap before
{Heap before GC invocations=50 (full 0):
 garbage-first heap   total 180224K, used 160706K [0x0000000600000000, 0x0000000800000000)
  region size 4096K, 15 young (61440K), 1 survivors (4096K)
 Metaspace       used 90140K, committed 92608K, reserved 1179648K
  class space    used 12459K, committed 13696K, reserved 1048576K
}
Event: 92.905 GC heap after
{Heap after GC invocations=51 (full 0):
 garbage-first heap   total 303104K, used 107864K [0x0000000600000000, 0x0000000800000000)
  region size 4096K, 1 young (4096K), 1 survivors (4096K)
 Metaspace       used 90140K, committed 92608K, reserved 1179648K
  class space    used 12459K, committed 13696K, reserved 1048576K
}
Event: 93.560 GC heap before
{Heap before GC invocations=51 (full 0):
 garbage-first heap   total 303104K, used 275800K [0x0000000600000000, 0x0000000800000000)
  region size 4096K, 42 young (172032K), 1 survivors (4096K)
 Metaspace       used 90148K, committed 92608K, reserved 1179648K
  class space    used 12459K, committed 13696K, reserved 1048576K
}
Event: 93.565 GC heap after
{Heap after GC invocations=52 (full 0):
 garbage-first heap   total 303104K, used 112958K [0x0000000600000000, 0x0000000800000000)
  region size 4096K, 2 young (8192K), 2 survivors (8192K)
 Metaspace       used 90148K, committed 92608K, reserved 1179648K
  class space    used 12459K, committed 13696K, reserved 1048576K
}
Event: 95.445 GC heap before
{Heap before GC invocations=52 (full 0):
 garbage-first heap   total 303104K, used 268606K [0x0000000600000000, 0x0000000800000000)
  region size 4096K, 42 young (172032K), 2 survivors (8192K)
 Metaspace       used 90213K, committed 92672K, reserved 1179648K
  class space    used 12459K, committed 13696K, reserved 1048576K
}
Event: 95.452 GC heap after
{Heap after GC invocations=53 (full 0):
 garbage-first heap   total 303104K, used 118698K [0x0000000600000000, 0x0000000800000000)
  region size 4096K, 4 young (16384K), 4 survivors (16384K)
 Metaspace       used 90213K, committed 92672K, reserved 1179648K
  class space    used 12459K, committed 13696K, reserved 1048576K
}
Event: 97.425 GC heap before
{Heap before GC invocations=53 (full 0):
 garbage-first heap   total 303104K, used 257962K [0x0000000600000000, 0x0000000800000000)
  region size 4096K, 39 young (159744K), 4 survivors (16384K)
 Metaspace       used 90250K, committed 92672K, reserved 1179648K
  class space    used 12459K, committed 13696K, reserved 1048576K
}
Event: 97.433 GC heap after
{Heap after GC invocations=54 (full 0):
 garbage-first heap   total 303104K, used 122923K [0x0000000600000000, 0x0000000800000000)
  region size 4096K, 3 young (12288K), 3 survivors (12288K)
 Metaspace       used 90250K, committed 92672K, reserved 1179648K
  class space    used 12459K, committed 13696K, reserved 1048576K
}

